Running: C:\Xilinx\14.7\ISE_DS\ISE\bin\nt\unwrapped\fuse.exe -intstyle ise -incremental -lib secureip -o C:/Xilinx/14.7/ISE_DS/SdramSPInst/SdramSPIinstTB_isim_beh.exe -prj C:/Xilinx/14.7/ISE_DS/SdramSPInst/SdramSPIinstTB_beh.prj work.SdramSPIinstTB 
ISim P.20131013 (signature 0x8ef4fb42)
Number of CPUs detected in this system: 2
Turning on mult-threading, number of parallel sub-compilation jobs: 4 
Determining compilation order of HDL files
ERROR:HDLCompiler:488 - "C:/Xilinx/14.7/ISE_DS/SdramSPInst/SdramSPIinstTB.vhd" Line 82: Illegal identifier : _period
ERROR:HDLCompiler:488 - "C:/Xilinx/14.7/ISE_DS/SdramSPInst/SdramSPIinstTB.vhd" Line 104: Illegal identifier : _process
ERROR:HDLCompiler:488 - "C:/Xilinx/14.7/ISE_DS/SdramSPInst/SdramSPIinstTB.vhd" Line 107: Illegal identifier : _period
ERROR:HDLCompiler:488 - "C:/Xilinx/14.7/ISE_DS/SdramSPInst/SdramSPIinstTB.vhd" Line 109: Illegal identifier : _period
ERROR:HDLCompiler:488 - "C:/Xilinx/14.7/ISE_DS/SdramSPInst/SdramSPIinstTB.vhd" Line 119: Illegal identifier : _period
Parsing VHDL file "C:/Xilinx/14.7/ISE_DS/SdramSPInst/SyncToClk.vhd" into library work
Parsing VHDL file "C:/Xilinx/14.7/ISE_DS/SdramSPInst/Common.vhd" into library work
Parsing VHDL file "C:/Xilinx/14.7/ISE_DS/SdramSPInst/SdramCntl.vhd" into library work
Parsing VHDL file "C:/Xilinx/14.7/ISE_DS/SdramSPInst/HostIo.vhd" into library work
Parsing VHDL file "C:/Xilinx/14.7/ISE_DS/SdramSPInst/ClkGen.vhd" into library work
Parsing VHDL file "C:/Xilinx/14.7/ISE_DS/SdramSPInst/SdramSPInst.vhd" into library work
Parsing VHDL file "C:/Xilinx/14.7/ISE_DS/SdramSPInst/SdramSPIinstTB.vhd" into library work
ERROR:HDLCompiler:806 - "C:/Xilinx/14.7/ISE_DS/SdramSPInst/SdramSPIinstTB.vhd" Line 82: Syntax error near "<".
ERROR:HDLCompiler:488 - "C:/Xilinx/14.7/ISE_DS/SdramSPInst/SdramSPIinstTB.vhd" Line 82: Illegal identifier : _period
ERROR:HDLCompiler:806 - "C:/Xilinx/14.7/ISE_DS/SdramSPInst/SdramSPIinstTB.vhd" Line 104: Syntax error near "<".
ERROR:HDLCompiler:488 - "C:/Xilinx/14.7/ISE_DS/SdramSPInst/SdramSPIinstTB.vhd" Line 104: Illegal identifier : _process
ERROR:HDLCompiler:806 - "C:/Xilinx/14.7/ISE_DS/SdramSPInst/SdramSPIinstTB.vhd" Line 106: Syntax error near "<".
ERROR:HDLCompiler:488 - "C:/Xilinx/14.7/ISE_DS/SdramSPInst/SdramSPIinstTB.vhd" Line 107: Illegal identifier : _period
ERROR:HDLCompiler:488 - "C:/Xilinx/14.7/ISE_DS/SdramSPInst/SdramSPIinstTB.vhd" Line 109: Illegal identifier : _period
WARNING:HDLCompiler:1369 - "C:/Xilinx/14.7/ISE_DS/SdramSPInst/SdramSPIinstTB.vhd" Line 104: Possible infinite loop; process does not have a wait statement
ERROR:HDLCompiler:806 - "C:/Xilinx/14.7/ISE_DS/SdramSPInst/SdramSPIinstTB.vhd" Line 119: Syntax error near "<".
ERROR:HDLCompiler:488 - "C:/Xilinx/14.7/ISE_DS/SdramSPInst/SdramSPIinstTB.vhd" Line 119: Illegal identifier : _period
WARNING:HDLCompiler:1369 - "C:/Xilinx/14.7/ISE_DS/SdramSPInst/SdramSPIinstTB.vhd" Line 114: Possible infinite loop; process does not have a wait statement
ERROR:HDLCompiler:854 - "C:/Xilinx/14.7/ISE_DS/SdramSPInst/SdramSPIinstTB.vhd" Line 38: Unit <behavior> ignored due to previous errors.
VHDL file C:/Xilinx/14.7/ISE_DS/SdramSPInst/SdramSPIinstTB.vhd ignored due to errors
